<?xml version="1.0" encoding="UTF-8"?>
<testsuites name="jest tests" tests="144" failures="93" errors="0" time="42.705">
  <testsuite name="Loan Management Integration Tests" errors="0" failures="30" skipped="0" timestamp="2026-06-04T20:59:59" time="18.281" tests="30">
    <testcase classname="Loan Management Integration Tests Loan Eligibility Assessment" name="should assess eligibility for new member with insufficient tenure" time="0.635">
      <failure>ValidationError: Group validation failed: createdBy: Path `createdBy` is required.
    at model.Object.&lt;anonymous&gt;.Document.invalidate (D:\TITech Projects\society-community-savings-app\community-savings-app-backend\node_modules\mongoose\lib\document.js:3381:32)
    at D:\TITech Projects\society-community-savings-app\community-savings-app-backend\node_modules\mongoose\lib\document.js:3142:17
    at D:\TITech Projects\society-community-savings-app\community-savings-app-backend\node_modules\mongoose\lib\schemaType.js:1443:9
    at processTicksAndRejections (node:internal/process/task_queues:85:11)</failure>
    </testcase>
    <testcase classname="Loan Management Integration Tests Loan Eligibility Assessment" name="should calculate eligibility with contributions" time="0.359">
      <failure>ValidationError: Group validation failed: createdBy: Path `createdBy` is required.
    at model.Object.&lt;anonymous&gt;.Document.invalidate (D:\TITech Projects\society-community-savings-app\community-savings-app-backend\node_modules\mongoose\lib\document.js:3381:32)
    at D:\TITech Projects\society-community-savings-app\community-savings-app-backend\node_modules\mongoose\lib\document.js:3142:17
    at D:\TITech Projects\society-community-savings-app\community-savings-app-backend\node_modules\mongoose\lib\schemaType.js:1443:9
    at processTicksAndRejections (node:internal/process/task_queues:85:11)</failure>
    </testcase>
    <testcase classname="Loan Management Integration Tests Loan Eligibility Assessment" name="should return detailed scoring breakdown" time="0.372">
      <failure>ValidationError: Group validation failed: createdBy: Path `createdBy` is required.
    at model.Object.&lt;anonymous&gt;.Document.invalidate (D:\TITech Projects\society-community-savings-app\community-savings-app-backend\node_modules\mongoose\lib\document.js:3381:32)
    at D:\TITech Projects\society-community-savings-app\community-savings-app-backend\node_modules\mongoose\lib\document.js:3142:17
    at D:\TITech Projects\society-community-savings-app\community-savings-app-backend\node_modules\mongoose\lib\schemaType.js:1443:9
    at processTicksAndRejections (node:internal/process/task_queues:85:11)</failure>
    </testcase>
    <testcase classname="Loan Management Integration Tests Loan Eligibility Assessment" name="should reject user with recent default" time="0.442">
      <failure>ValidationError: Group validation failed: createdBy: Path `createdBy` is required.
    at model.Object.&lt;anonymous&gt;.Document.invalidate (D:\TITech Projects\society-community-savings-app\community-savings-app-backend\node_modules\mongoose\lib\document.js:3381:32)
    at D:\TITech Projects\society-community-savings-app\community-savings-app-backend\node_modules\mongoose\lib\document.js:3142:17
    at D:\TITech Projects\society-community-savings-app\community-savings-app-backend\node_modules\mongoose\lib\schemaType.js:1443:9
    at processTicksAndRejections (node:internal/process/task_queues:85:11)</failure>
    </testcase>
    <testcase classname="Loan Management Integration Tests Loan Eligibility Assessment" name="should factor in active loans for risk assessment" time="0.53">
      <failure>ValidationError: Group validation failed: createdBy: Path `createdBy` is required.
    at model.Object.&lt;anonymous&gt;.Document.invalidate (D:\TITech Projects\society-community-savings-app\community-savings-app-backend\node_modules\mongoose\lib\document.js:3381:32)
    at D:\TITech Projects\society-community-savings-app\community-savings-app-backend\node_modules\mongoose\lib\document.js:3142:17
    at D:\TITech Projects\society-community-savings-app\community-savings-app-backend\node_modules\mongoose\lib\schemaType.js:1443:9
    at processTicksAndRejections (node:internal/process/task_queues:85:11)</failure>
    </testcase>
    <testcase classname="Loan Management Integration Tests Loan Eligibility Assessment" name="should allow admin override of eligibility" time="0.735">
      <failure>ValidationError: Group validation failed: createdBy: Path `createdBy` is required.
    at model.Object.&lt;anonymous&gt;.Document.invalidate (D:\TITech Projects\society-community-savings-app\community-savings-app-backend\node_modules\mongoose\lib\document.js:3381:32)
    at D:\TITech Projects\society-community-savings-app\community-savings-app-backend\node_modules\mongoose\lib\document.js:3142:17
    at D:\TITech Projects\society-community-savings-app\community-savings-app-backend\node_modules\mongoose\lib\schemaType.js:1443:9
    at processTicksAndRejections (node:internal/process/task_queues:85:11)</failure>
    </testcase>
    <testcase classname="Loan Management Integration Tests Loan Eligibility Assessment" name="should deny admin override when explicitly set to false" time="0.568">
      <failure>ValidationError: Group validation failed: createdBy: Path `createdBy` is required.
    at model.Object.&lt;anonymous&gt;.Document.invalidate (D:\TITech Projects\society-community-savings-app\community-savings-app-backend\node_modules\mongoose\lib\document.js:3381:32)
    at D:\TITech Projects\society-community-savings-app\community-savings-app-backend\node_modules\mongoose\lib\document.js:3142:17
    at D:\TITech Projects\society-community-savings-app\community-savings-app-backend\node_modules\mongoose\lib\schemaType.js:1443:9
    at processTicksAndRejections (node:internal/process/task_queues:85:11)</failure>
    </testcase>
    <testcase classname="Loan Management Integration Tests Loan Eligibility Assessment" name="should cache eligibility assessment and reuse if valid" time="0.372">
      <failure>ValidationError: Group validation failed: createdBy: Path `createdBy` is required.
    at model.Object.&lt;anonymous&gt;.Document.invalidate (D:\TITech Projects\society-community-savings-app\community-savings-app-backend\node_modules\mongoose\lib\document.js:3381:32)
    at D:\TITech Projects\society-community-savings-app\community-savings-app-backend\node_modules\mongoose\lib\document.js:3142:17
    at D:\TITech Projects\society-community-savings-app\community-savings-app-backend\node_modules\mongoose\lib\schemaType.js:1443:9
    at processTicksAndRejections (node:internal/process/task_queues:85:11)</failure>
    </testcase>
    <testcase classname="Loan Management Integration Tests Loan Application Workflow" name="should create loan application for eligible user" time="0.664">
      <failure>ValidationError: Group validation failed: createdBy: Path `createdBy` is required.
    at model.Object.&lt;anonymous&gt;.Document.invalidate (D:\TITech Projects\society-community-savings-app\community-savings-app-backend\node_modules\mongoose\lib\document.js:3381:32)
    at D:\TITech Projects\society-community-savings-app\community-savings-app-backend\node_modules\mongoose\lib\document.js:3142:17
    at D:\TITech Projects\society-community-savings-app\community-savings-app-backend\node_modules\mongoose\lib\schemaType.js:1443:9
    at processTicksAndRejections (node:internal/process/task_queues:85:11)</failure>
    </testcase>
    <testcase classname="Loan Management Integration Tests Loan Application Workflow" name="should reject loan application for ineligible user" time="0.359">
      <failure>ValidationError: Group validation failed: createdBy: Path `createdBy` is required.
    at model.Object.&lt;anonymous&gt;.Document.invalidate (D:\TITech Projects\society-community-savings-app\community-savings-app-backend\node_modules\mongoose\lib\document.js:3381:32)
    at D:\TITech Projects\society-community-savings-app\community-savings-app-backend\node_modules\mongoose\lib\document.js:3142:17
    at D:\TITech Projects\society-community-savings-app\community-savings-app-backend\node_modules\mongoose\lib\schemaType.js:1443:9
    at processTicksAndRejections (node:internal/process/task_queues:85:11)</failure>
    </testcase>
    <testcase classname="Loan Management Integration Tests Loan Application Workflow" name="should enforce idempotency for loan applications" time="0.391">
      <failure>ValidationError: Group validation failed: createdBy: Path `createdBy` is required.
    at model.Object.&lt;anonymous&gt;.Document.invalidate (D:\TITech Projects\society-community-savings-app\community-savings-app-backend\node_modules\mongoose\lib\document.js:3381:32)
    at D:\TITech Projects\society-community-savings-app\community-savings-app-backend\node_modules\mongoose\lib\document.js:3142:17
    at D:\TITech Projects\society-community-savings-app\community-savings-app-backend\node_modules\mongoose\lib\schemaType.js:1443:9
    at processTicksAndRejections (node:internal/process/task_queues:85:11)</failure>
    </testcase>
    <testcase classname="Loan Management Integration Tests Loan Application Workflow" name="should prevent multiple pending loans in same group" time="0.389">
      <failure>ValidationError: Group validation failed: createdBy: Path `createdBy` is required.
    at model.Object.&lt;anonymous&gt;.Document.invalidate (D:\TITech Projects\society-community-savings-app\community-savings-app-backend\node_modules\mongoose\lib\document.js:3381:32)
    at D:\TITech Projects\society-community-savings-app\community-savings-app-backend\node_modules\mongoose\lib\document.js:3142:17
    at D:\TITech Projects\society-community-savings-app\community-savings-app-backend\node_modules\mongoose\lib\schemaType.js:1443:9
    at processTicksAndRejections (node:internal/process/task_queues:85:11)</failure>
    </testcase>
    <testcase classname="Loan Management Integration Tests Loan Application Workflow" name="should validate loan amount against eligibility maximum" time="0.406">
      <failure>ValidationError: Group validation failed: createdBy: Path `createdBy` is required.
    at model.Object.&lt;anonymous&gt;.Document.invalidate (D:\TITech Projects\society-community-savings-app\community-savings-app-backend\node_modules\mongoose\lib\document.js:3381:32)
    at D:\TITech Projects\society-community-savings-app\community-savings-app-backend\node_modules\mongoose\lib\document.js:3142:17
    at D:\TITech Projects\society-community-savings-app\community-savings-app-backend\node_modules\mongoose\lib\schemaType.js:1443:9
    at processTicksAndRejections (node:internal/process/task_queues:85:11)</failure>
    </testcase>
    <testcase classname="Loan Management Integration Tests Loan Approval &amp; Disbursement" name="should approve pending loan with interest and repayment terms" time="0.543">
      <failure>ValidationError: Group validation failed: createdBy: Path `createdBy` is required.
    at model.Object.&lt;anonymous&gt;.Document.invalidate (D:\TITech Projects\society-community-savings-app\community-savings-app-backend\node_modules\mongoose\lib\document.js:3381:32)
    at D:\TITech Projects\society-community-savings-app\community-savings-app-backend\node_modules\mongoose\lib\document.js:3142:17
    at D:\TITech Projects\society-community-savings-app\community-savings-app-backend\node_modules\mongoose\lib\schemaType.js:1443:9
    at processTicksAndRejections (node:internal/process/task_queues:85:11)</failure>
    </testcase>
    <testcase classname="Loan Management Integration Tests Loan Approval &amp; Disbursement" name="should reject loan with reason" time="0.883">
      <failure>ValidationError: Group validation failed: createdBy: Path `createdBy` is required.
    at model.Object.&lt;anonymous&gt;.Document.invalidate (D:\TITech Projects\society-community-savings-app\community-savings-app-backend\node_modules\mongoose\lib\document.js:3381:32)
    at D:\TITech Projects\society-community-savings-app\community-savings-app-backend\node_modules\mongoose\lib\document.js:3142:17
    at D:\TITech Projects\society-community-savings-app\community-savings-app-backend\node_modules\mongoose\lib\schemaType.js:1443:9
    at processTicksAndRejections (node:internal/process/task_queues:85:11)</failure>
    </testcase>
    <testcase classname="Loan Management Integration Tests Loan Approval &amp; Disbursement" name="should prevent approval of non-pending loan" time="0.766">
      <failure>ValidationError: Group validation failed: createdBy: Path `createdBy` is required.
    at model.Object.&lt;anonymous&gt;.Document.invalidate (D:\TITech Projects\society-community-savings-app\community-savings-app-backend\node_modules\mongoose\lib\document.js:3381:32)
    at D:\TITech Projects\society-community-savings-app\community-savings-app-backend\node_modules\mongoose\lib\document.js:3142:17
    at D:\TITech Projects\society-community-savings-app\community-savings-app-backend\node_modules\mongoose\lib\schemaType.js:1443:9
    at processTicksAndRejections (node:internal/process/task_queues:85:11)</failure>
    </testcase>
    <testcase classname="Loan Management Integration Tests Loan Approval &amp; Disbursement" name="should create repayment schedule on disbursement" time="0.389">
      <failure>ValidationError: Group validation failed: createdBy: Path `createdBy` is required.
    at model.Object.&lt;anonymous&gt;.Document.invalidate (D:\TITech Projects\society-community-savings-app\community-savings-app-backend\node_modules\mongoose\lib\document.js:3381:32)
    at D:\TITech Projects\society-community-savings-app\community-savings-app-backend\node_modules\mongoose\lib\document.js:3142:17
    at D:\TITech Projects\society-community-savings-app\community-savings-app-backend\node_modules\mongoose\lib\schemaType.js:1443:9
    at processTicksAndRejections (node:internal/process/task_queues:85:11)</failure>
    </testcase>
    <testcase classname="Loan Management Integration Tests Loan Approval &amp; Disbursement" name="should validate repayment period bounds" time="0.338">
      <failure>ValidationError: Group validation failed: createdBy: Path `createdBy` is required.
    at model.Object.&lt;anonymous&gt;.Document.invalidate (D:\TITech Projects\society-community-savings-app\community-savings-app-backend\node_modules\mongoose\lib\document.js:3381:32)
    at D:\TITech Projects\society-community-savings-app\community-savings-app-backend\node_modules\mongoose\lib\document.js:3142:17
    at D:\TITech Projects\society-community-savings-app\community-savings-app-backend\node_modules\mongoose\lib\schemaType.js:1443:9
    at processTicksAndRejections (node:internal/process/task_queues:85:11)</failure>
    </testcase>
    <testcase classname="Loan Management Integration Tests Loan Repayment" name="should record partial repayment" time="0.489">
      <failure>ValidationError: Group validation failed: createdBy: Path `createdBy` is required.
    at model.Object.&lt;anonymous&gt;.Document.invalidate (D:\TITech Projects\society-community-savings-app\community-savings-app-backend\node_modules\mongoose\lib\document.js:3381:32)
    at D:\TITech Projects\society-community-savings-app\community-savings-app-backend\node_modules\mongoose\lib\document.js:3142:17
    at D:\TITech Projects\society-community-savings-app\community-savings-app-backend\node_modules\mongoose\lib\schemaType.js:1443:9
    at processTicksAndRejections (node:internal/process/task_queues:85:11)</failure>
    </testcase>
    <testcase classname="Loan Management Integration Tests Loan Repayment" name="should track on-time and late payments" time="0.359">
      <failure>ValidationError: Group validation failed: createdBy: Path `createdBy` is required.
    at model.Object.&lt;anonymous&gt;.Document.invalidate (D:\TITech Projects\society-community-savings-app\community-savings-app-backend\node_modules\mongoose\lib\document.js:3381:32)
    at D:\TITech Projects\society-community-savings-app\community-savings-app-backend\node_modules\mongoose\lib\document.js:3142:17
    at D:\TITech Projects\society-community-savings-app\community-savings-app-backend\node_modules\mongoose\lib\schemaType.js:1443:9
    at processTicksAndRejections (node:internal/process/task_queues:85:11)</failure>
    </testcase>
    <testcase classname="Loan Management Integration Tests Loan Repayment" name="should mark loan as repaid when all installments paid" time="0.332">
      <failure>ValidationError: Group validation failed: createdBy: Path `createdBy` is required.
    at model.Object.&lt;anonymous&gt;.Document.invalidate (D:\TITech Projects\society-community-savings-app\community-savings-app-backend\node_modules\mongoose\lib\document.js:3381:32)
    at D:\TITech Projects\society-community-savings-app\community-savings-app-backend\node_modules\mongoose\lib\document.js:3142:17
    at D:\TITech Projects\society-community-savings-app\community-savings-app-backend\node_modules\mongoose\lib\schemaType.js:1443:9
    at processTicksAndRejections (node:internal/process/task_queues:85:11)</failure>
    </testcase>
    <testcase classname="Loan Management Integration Tests Loan Repayment" name="should detect defaulted loan" time="0.372">
      <failure>ValidationError: Group validation failed: createdBy: Path `createdBy` is required.
    at model.Object.&lt;anonymous&gt;.Document.invalidate (D:\TITech Projects\society-community-savings-app\community-savings-app-backend\node_modules\mongoose\lib\document.js:3381:32)
    at D:\TITech Projects\society-community-savings-app\community-savings-app-backend\node_modules\mongoose\lib\document.js:3142:17
    at D:\TITech Projects\society-community-savings-app\community-savings-app-backend\node_modules\mongoose\lib\schemaType.js:1443:9
    at processTicksAndRejections (node:internal/process/task_queues:85:11)</failure>
    </testcase>
    <testcase classname="Loan Management Integration Tests Error Handling &amp; Edge Cases" name="should handle invalid loan ID gracefully" time="0.346">
      <failure>ValidationError: Group validation failed: createdBy: Path `createdBy` is required.
    at model.Object.&lt;anonymous&gt;.Document.invalidate (D:\TITech Projects\society-community-savings-app\community-savings-app-backend\node_modules\mongoose\lib\document.js:3381:32)
    at D:\TITech Projects\society-community-savings-app\community-savings-app-backend\node_modules\mongoose\lib\document.js:3142:17
    at D:\TITech Projects\society-community-savings-app\community-savings-app-backend\node_modules\mongoose\lib\schemaType.js:1443:9
    at processTicksAndRejections (node:internal/process/task_queues:85:11)</failure>
    </testcase>
    <testcase classname="Loan Management Integration Tests Error Handling &amp; Edge Cases" name="should prevent non-group-members from applying" time="0.339">
      <failure>ValidationError: Group validation failed: createdBy: Path `createdBy` is required.
    at model.Object.&lt;anonymous&gt;.Document.invalidate (D:\TITech Projects\society-community-savings-app\community-savings-app-backend\node_modules\mongoose\lib\document.js:3381:32)
    at D:\TITech Projects\society-community-savings-app\community-savings-app-backend\node_modules\mongoose\lib\document.js:3142:17
    at D:\TITech Projects\society-community-savings-app\community-savings-app-backend\node_modules\mongoose\lib\schemaType.js:1443:9
    at processTicksAndRejections (node:internal/process/task_queues:85:11)</failure>
    </testcase>
    <testcase classname="Loan Management Integration Tests Error Handling &amp; Edge Cases" name="should validate interest rate bounds" time="0.395">
      <failure>ValidationError: Group validation failed: createdBy: Path `createdBy` is required.
    at model.Object.&lt;anonymous&gt;.Document.invalidate (D:\TITech Projects\society-community-savings-app\community-savings-app-backend\node_modules\mongoose\lib\document.js:3381:32)
    at D:\TITech Projects\society-community-savings-app\community-savings-app-backend\node_modules\mongoose\lib\document.js:3142:17
    at D:\TITech Projects\society-community-savings-app\community-savings-app-backend\node_modules\mongoose\lib\schemaType.js:1443:9
    at processTicksAndRejections (node:internal/process/task_queues:85:11)</failure>
    </testcase>
    <testcase classname="Loan Management Integration Tests Error Handling &amp; Edge Cases" name="should handle concurrent loan disbursements safely" time="0.479">
      <failure>ValidationError: Group validation failed: createdBy: Path `createdBy` is required.
    at model.Object.&lt;anonymous&gt;.Document.invalidate (D:\TITech Projects\society-community-savings-app\community-savings-app-backend\node_modules\mongoose\lib\document.js:3381:32)
    at D:\TITech Projects\society-community-savings-app\community-savings-app-backend\node_modules\mongoose\lib\document.js:3142:17
    at D:\TITech Projects\society-community-savings-app\community-savings-app-backend\node_modules\mongoose\lib\schemaType.js:1443:9
    at processTicksAndRejections (node:internal/process/task_queues:85:11)</failure>
    </testcase>
    <testcase classname="Loan Management Integration Tests Loan Queries &amp; Reporting" name="should retrieve user loans paginated" time="0.335">
      <failure>ValidationError: Group validation failed: createdBy: Path `createdBy` is required.
    at model.Object.&lt;anonymous&gt;.Document.invalidate (D:\TITech Projects\society-community-savings-app\community-savings-app-backend\node_modules\mongoose\lib\document.js:3381:32)
    at D:\TITech Projects\society-community-savings-app\community-savings-app-backend\node_modules\mongoose\lib\document.js:3142:17
    at D:\TITech Projects\society-community-savings-app\community-savings-app-backend\node_modules\mongoose\lib\schemaType.js:1443:9
    at processTicksAndRejections (node:internal/process/task_queues:85:11)</failure>
    </testcase>
    <testcase classname="Loan Management Integration Tests Loan Queries &amp; Reporting" name="should filter loans by status" time="0.333">
      <failure>ValidationError: Group validation failed: createdBy: Path `createdBy` is required.
    at model.Object.&lt;anonymous&gt;.Document.invalidate (D:\TITech Projects\society-community-savings-app\community-savings-app-backend\node_modules\mongoose\lib\document.js:3381:32)
    at D:\TITech Projects\society-community-savings-app\community-savings-app-backend\node_modules\mongoose\lib\document.js:3142:17
    at D:\TITech Projects\society-community-savings-app\community-savings-app-backend\node_modules\mongoose\lib\schemaType.js:1443:9
    at processTicksAndRejections (node:internal/process/task_queues:85:11)</failure>
    </testcase>
    <testcase classname="Loan Management Integration Tests Loan Queries &amp; Reporting" name="should retrieve group loans with proper authorization" time="0.363">
      <failure>ValidationError: Group validation failed: createdBy: Path `createdBy` is required.
    at model.Object.&lt;anonymous&gt;.Document.invalidate (D:\TITech Projects\society-community-savings-app\community-savings-app-backend\node_modules\mongoose\lib\document.js:3381:32)
    at D:\TITech Projects\society-community-savings-app\community-savings-app-backend\node_modules\mongoose\lib\document.js:3142:17
    at D:\TITech Projects\society-community-savings-app\community-savings-app-backend\node_modules\mongoose\lib\schemaType.js:1443:9
    at processTicksAndRejections (node:internal/process/task_queues:85:11)</failure>
    </testcase>
    <testcase classname="Loan Management Integration Tests Loan Queries &amp; Reporting" name="should aggregate loan statistics" time="0.41">
      <failure>ValidationError: Group validation failed: createdBy: Path `createdBy` is required.
    at model.Object.&lt;anonymous&gt;.Document.invalidate (D:\TITech Projects\society-community-savings-app\community-savings-app-backend\node_modules\mongoose\lib\document.js:3381:32)
    at D:\TITech Projects\society-community-savings-app\community-savings-app-backend\node_modules\mongoose\lib\document.js:3142:17
    at D:\TITech Projects\society-community-savings-app\community-savings-app-backend\node_modules\mongoose\lib\schemaType.js:1443:9
    at processTicksAndRejections (node:internal/process/task_queues:85:11)</failure>
    </testcase>
  </testsuite>
  <testsuite name="Utility Functions" errors="0" failures="1" skipped="0" timestamp="2026-06-04T21:00:17" time="1.078" tests="20">
    <testcase classname="Utility Functions Phone Number Validation" name="should validate international phone format" time="0.002">
    </testcase>
    <testcase classname="Utility Functions Phone Number Validation" name="should reject invalid phone numbers" time="0.004">
      <failure>Error: expect(received).toBe(expected) // Object.is equality

Expected: false
Received: true
    at Object.&lt;anonymous&gt; (D:\TITech Projects\society-community-savings-app\community-savings-app-backend\tests\unit\utils.test.js:23:48)
    at Promise.then.completed (D:\TITech Projects\society-community-savings-app\community-savings-app-backend\node_modules\jest-circus\build\utils.js:298:28)
    at new Promise (&lt;anonymous&gt;)
    at callAsyncCircusFn (D:\TITech Projects\society-community-savings-app\community-savings-app-backend\node_modules\jest-circus\build\utils.js:231:10)
    at _callCircusTest (D:\TITech Projects\society-community-savings-app\community-savings-app-backend\node_modules\jest-circus\build\run.js:316:40)
    at _runTest (D:\TITech Projects\society-community-savings-app\community-savings-app-backend\node_modules\jest-circus\build\run.js:252:3)
    at _runTestsForDescribeBlock (D:\TITech Projects\society-community-savings-app\community-savings-app-backend\node_modules\jest-circus\build\run.js:126:9)
    at _runTestsForDescribeBlock (D:\TITech Projects\society-community-savings-app\community-savings-app-backend\node_modules\jest-circus\build\run.js:121:9)
    at _runTestsForDescribeBlock (D:\TITech Projects\society-community-savings-app\community-savings-app-backend\node_modules\jest-circus\build\run.js:121:9)
    at run (D:\TITech Projects\society-community-savings-app\community-savings-app-backend\node_modules\jest-circus\build\run.js:71:3)
    at runAndTransformResultsToJestFormat (D:\TITech Projects\society-community-savings-app\community-savings-app-backend\node_modules\jest-circus\build\legacy-code-todo-rewrite\jestAdapterInit.js:122:21)
    at jestAdapter (D:\TITech Projects\society-community-savings-app\community-savings-app-backend\node_modules\jest-circus\build\legacy-code-todo-rewrite\jestAdapter.js:79:19)
    at runTestInternal (D:\TITech Projects\society-community-savings-app\community-savings-app-backend\node_modules\jest-runner\build\runTest.js:367:16)
    at runTest (D:\TITech Projects\society-community-savings-app\community-savings-app-backend\node_modules\jest-runner\build\runTest.js:444:34)</failure>
    </testcase>
    <testcase classname="Utility Functions Email Validation" name="should validate email addresses" time="0.001">
    </testcase>
    <testcase classname="Utility Functions Email Validation" name="should reject invalid emails" time="0">
    </testcase>
    <testcase classname="Utility Functions Amount Formatting" name="should format amounts as currency" time="0.151">
    </testcase>
    <testcase classname="Utility Functions Amount Formatting" name="should support different currencies" time="0.001">
    </testcase>
    <testcase classname="Utility Functions Date Utilities" name="should calculate date one month later" time="0.004">
    </testcase>
    <testcase classname="Utility Functions Date Utilities" name="should format date as YYYY-MM-DD" time="0.001">
    </testcase>
    <testcase classname="Utility Functions Password Validation" name="should validate strong passwords" time="0">
    </testcase>
    <testcase classname="Utility Functions Password Validation" name="should reject weak passwords" time="0">
    </testcase>
    <testcase classname="Utility Functions JSON Web Token Utilities" name="should create and verify tokens" time="0.008">
    </testcase>
    <testcase classname="Utility Functions JSON Web Token Utilities" name="should reject expired tokens" time="0.001">
    </testcase>
    <testcase classname="Utility Functions JSON Web Token Utilities" name="should reject tampered tokens" time="0.002">
    </testcase>
    <testcase classname="Utility Functions Array Utilities" name="should chunk arrays" time="0.001">
    </testcase>
    <testcase classname="Utility Functions Array Utilities" name="should get unique values" time="0.001">
    </testcase>
    <testcase classname="Utility Functions Array Utilities" name="should sum array values" time="0">
    </testcase>
    <testcase classname="Utility Functions Error Handling" name="should handle async errors" time="0.001">
    </testcase>
    <testcase classname="Utility Functions Cache Utilities" name="should cache and retrieve values" time="0">
    </testcase>
    <testcase classname="Utility Functions Cache Utilities" name="should expire cached values" time="0.155">
    </testcase>
    <testcase classname="Utility Functions Pagination Utilities" name="should paginate arrays" time="0.001">
    </testcase>
  </testsuite>
  <testsuite name="TokenBucketLimiter" errors="0" failures="1" skipped="0" timestamp="2026-06-04T21:00:18" time="1.911" tests="10">
    <testcase classname="TokenBucketLimiter allow" name="should allow request when tokens available" time="0.003">
    </testcase>
    <testcase classname="TokenBucketLimiter allow" name="should deny request when tokens exhausted" time="0.001">
    </testcase>
    <testcase classname="TokenBucketLimiter allow" name="should refill tokens over time" time="0">
    </testcase>
    <testcase classname="TokenBucketLimiter allow" name="should initialize new bucket on first request" time="0.001">
    </testcase>
    <testcase classname="TokenBucketLimiter allow" name="should fail open on Redis error" time="0.029">
      <failure>Error: expect(received).toBe(expected) // Object.is equality

Expected: 1000
Received: 59
    at Object.&lt;anonymous&gt; (D:\TITech Projects\society-community-savings-app\community-savings-app-backend\tests\unit\utils\rateLimiter.test.js:84:32)</failure>
    </testcase>
    <testcase classname="TokenBucketLimiter allow" name="should respect per-user limits" time="0.004">
    </testcase>
    <testcase classname="TokenBucketLimiter allow" name="should handle multiple concurrent requests" time="0.001">
    </testcase>
    <testcase classname="TokenBucketLimiter getBucket" name="should retrieve bucket from Redis" time="0.001">
    </testcase>
    <testcase classname="TokenBucketLimiter getBucket" name="should return null for non-existent bucket" time="0">
    </testcase>
    <testcase classname="TokenBucketLimiter getBucket" name="should handle bucket retrieval errors gracefully" time="0.004">
    </testcase>
  </testsuite>
  <testsuite name="Payment Service" errors="0" failures="13" skipped="0" timestamp="2026-06-04T21:00:20" time="0.831" tests="20">
    <testcase classname="Payment Service calculateFees" name="should calculate mobile money fees correctly" time="0.001">
    </testcase>
    <testcase classname="Payment Service calculateFees" name="should calculate bank transfer fees correctly" time="0.001">
    </testcase>
    <testcase classname="Payment Service calculateFees" name="should calculate card fees correctly" time="0">
    </testcase>
    <testcase classname="Payment Service calculateFees" name="should return 0 for cash payments" time="0.001">
    </testcase>
    <testcase classname="Payment Service validatePaymentAmount" name="should validate valid amounts" time="0.001">
    </testcase>
    <testcase classname="Payment Service validatePaymentAmount" name="should reject invalid amounts" time="0.006">
    </testcase>
    <testcase classname="Payment Service validatePaymentAmount" name="should validate mobile money limits" time="0.001">
    </testcase>
    <testcase classname="Payment Service initiatePayment" name="should initiate contribution payment successfully" time="0">
      <failure>TypeError: User.findById.mockResolvedValue is not a function
    at Object.&lt;anonymous&gt; (D:\TITech Projects\society-community-savings-app\community-savings-app-backend\tests\unit\services\paymentService.test.js:93:21)
    at Promise.then.completed (D:\TITech Projects\society-community-savings-app\community-savings-app-backend\node_modules\jest-circus\build\utils.js:298:28)
    at new Promise (&lt;anonymous&gt;)
    at callAsyncCircusFn (D:\TITech Projects\society-community-savings-app\community-savings-app-backend\node_modules\jest-circus\build\utils.js:231:10)
    at _callCircusHook (D:\TITech Projects\society-community-savings-app\community-savings-app-backend\node_modules\jest-circus\build\run.js:281:40)
    at _runTest (D:\TITech Projects\society-community-savings-app\community-savings-app-backend\node_modules\jest-circus\build\run.js:246:5)
    at _runTestsForDescribeBlock (D:\TITech Projects\society-community-savings-app\community-savings-app-backend\node_modules\jest-circus\build\run.js:126:9)
    at _runTestsForDescribeBlock (D:\TITech Projects\society-community-savings-app\community-savings-app-backend\node_modules\jest-circus\build\run.js:121:9)
    at _runTestsForDescribeBlock (D:\TITech Projects\society-community-savings-app\community-savings-app-backend\node_modules\jest-circus\build\run.js:121:9)
    at run (D:\TITech Projects\society-community-savings-app\community-savings-app-backend\node_modules\jest-circus\build\run.js:71:3)
    at runAndTransformResultsToJestFormat (D:\TITech Projects\society-community-savings-app\community-savings-app-backend\node_modules\jest-circus\build\legacy-code-todo-rewrite\jestAdapterInit.js:122:21)
    at jestAdapter (D:\TITech Projects\society-community-savings-app\community-savings-app-backend\node_modules\jest-circus\build\legacy-code-todo-rewrite\jestAdapter.js:79:19)
    at runTestInternal (D:\TITech Projects\society-community-savings-app\community-savings-app-backend\node_modules\jest-runner\build\runTest.js:367:16)
    at runTest (D:\TITech Projects\society-community-savings-app\community-savings-app-backend\node_modules\jest-runner\build\runTest.js:444:34)</failure>
    </testcase>
    <testcase classname="Payment Service initiatePayment" name="should calculate fees and total amount correctly" time="0">
      <failure>TypeError: User.findById.mockResolvedValue is not a function
    at Object.&lt;anonymous&gt; (D:\TITech Projects\society-community-savings-app\community-savings-app-backend\tests\unit\services\paymentService.test.js:93:21)
    at Promise.then.completed (D:\TITech Projects\society-community-savings-app\community-savings-app-backend\node_modules\jest-circus\build\utils.js:298:28)
    at new Promise (&lt;anonymous&gt;)
    at callAsyncCircusFn (D:\TITech Projects\society-community-savings-app\community-savings-app-backend\node_modules\jest-circus\build\utils.js:231:10)
    at _callCircusHook (D:\TITech Projects\society-community-savings-app\community-savings-app-backend\node_modules\jest-circus\build\run.js:281:40)
    at _runTest (D:\TITech Projects\society-community-savings-app\community-savings-app-backend\node_modules\jest-circus\build\run.js:246:5)
    at _runTestsForDescribeBlock (D:\TITech Projects\society-community-savings-app\community-savings-app-backend\node_modules\jest-circus\build\run.js:126:9)
    at _runTestsForDescribeBlock (D:\TITech Projects\society-community-savings-app\community-savings-app-backend\node_modules\jest-circus\build\run.js:121:9)
    at _runTestsForDescribeBlock (D:\TITech Projects\society-community-savings-app\community-savings-app-backend\node_modules\jest-circus\build\run.js:121:9)
    at run (D:\TITech Projects\society-community-savings-app\community-savings-app-backend\node_modules\jest-circus\build\run.js:71:3)
    at runAndTransformResultsToJestFormat (D:\TITech Projects\society-community-savings-app\community-savings-app-backend\node_modules\jest-circus\build\legacy-code-todo-rewrite\jestAdapterInit.js:122:21)
    at jestAdapter (D:\TITech Projects\society-community-savings-app\community-savings-app-backend\node_modules\jest-circus\build\legacy-code-todo-rewrite\jestAdapter.js:79:19)
    at runTestInternal (D:\TITech Projects\society-community-savings-app\community-savings-app-backend\node_modules\jest-runner\build\runTest.js:367:16)
    at runTest (D:\TITech Projects\society-community-savings-app\community-savings-app-backend\node_modules\jest-runner\build\runTest.js:444:34)</failure>
    </testcase>
    <testcase classname="Payment Service initiatePayment" name="should update user contribution stats for contribution payments" time="0.001">
      <failure>TypeError: User.findById.mockResolvedValue is not a function
    at Object.&lt;anonymous&gt; (D:\TITech Projects\society-community-savings-app\community-savings-app-backend\tests\unit\services\paymentService.test.js:93:21)
    at Promise.then.completed (D:\TITech Projects\society-community-savings-app\community-savings-app-backend\node_modules\jest-circus\build\utils.js:298:28)
    at new Promise (&lt;anonymous&gt;)
    at callAsyncCircusFn (D:\TITech Projects\society-community-savings-app\community-savings-app-backend\node_modules\jest-circus\build\utils.js:231:10)
    at _callCircusHook (D:\TITech Projects\society-community-savings-app\community-savings-app-backend\node_modules\jest-circus\build\run.js:281:40)
    at _runTest (D:\TITech Projects\society-community-savings-app\community-savings-app-backend\node_modules\jest-circus\build\run.js:246:5)
    at _runTestsForDescribeBlock (D:\TITech Projects\society-community-savings-app\community-savings-app-backend\node_modules\jest-circus\build\run.js:126:9)
    at _runTestsForDescribeBlock (D:\TITech Projects\society-community-savings-app\community-savings-app-backend\node_modules\jest-circus\build\run.js:121:9)
    at _runTestsForDescribeBlock (D:\TITech Projects\society-community-savings-app\community-savings-app-backend\node_modules\jest-circus\build\run.js:121:9)
    at run (D:\TITech Projects\society-community-savings-app\community-savings-app-backend\node_modules\jest-circus\build\run.js:71:3)
    at runAndTransformResultsToJestFormat (D:\TITech Projects\society-community-savings-app\community-savings-app-backend\node_modules\jest-circus\build\legacy-code-todo-rewrite\jestAdapterInit.js:122:21)
    at jestAdapter (D:\TITech Projects\society-community-savings-app\community-savings-app-backend\node_modules\jest-circus\build\legacy-code-todo-rewrite\jestAdapter.js:79:19)
    at runTestInternal (D:\TITech Projects\society-community-savings-app\community-savings-app-backend\node_modules\jest-runner\build\runTest.js:367:16)
    at runTest (D:\TITech Projects\society-community-savings-app\community-savings-app-backend\node_modules\jest-runner\build\runTest.js:444:34)</failure>
    </testcase>
    <testcase classname="Payment Service initiatePayment" name="should create contribution record for contribution payments" time="0">
      <failure>TypeError: User.findById.mockResolvedValue is not a function
    at Object.&lt;anonymous&gt; (D:\TITech Projects\society-community-savings-app\community-savings-app-backend\tests\unit\services\paymentService.test.js:93:21)
    at Promise.then.completed (D:\TITech Projects\society-community-savings-app\community-savings-app-backend\node_modules\jest-circus\build\utils.js:298:28)
    at new Promise (&lt;anonymous&gt;)
    at callAsyncCircusFn (D:\TITech Projects\society-community-savings-app\community-savings-app-backend\node_modules\jest-circus\build\utils.js:231:10)
    at _callCircusHook (D:\TITech Projects\society-community-savings-app\community-savings-app-backend\node_modules\jest-circus\build\run.js:281:40)
    at _runTest (D:\TITech Projects\society-community-savings-app\community-savings-app-backend\node_modules\jest-circus\build\run.js:246:5)
    at _runTestsForDescribeBlock (D:\TITech Projects\society-community-savings-app\community-savings-app-backend\node_modules\jest-circus\build\run.js:126:9)
    at _runTestsForDescribeBlock (D:\TITech Projects\society-community-savings-app\community-savings-app-backend\node_modules\jest-circus\build\run.js:121:9)
    at _runTestsForDescribeBlock (D:\TITech Projects\society-community-savings-app\community-savings-app-backend\node_modules\jest-circus\build\run.js:121:9)
    at run (D:\TITech Projects\society-community-savings-app\community-savings-app-backend\node_modules\jest-circus\build\run.js:71:3)
    at runAndTransformResultsToJestFormat (D:\TITech Projects\society-community-savings-app\community-savings-app-backend\node_modules\jest-circus\build\legacy-code-todo-rewrite\jestAdapterInit.js:122:21)
    at jestAdapter (D:\TITech Projects\society-community-savings-app\community-savings-app-backend\node_modules\jest-circus\build\legacy-code-todo-rewrite\jestAdapter.js:79:19)
    at runTestInternal (D:\TITech Projects\society-community-savings-app\community-savings-app-backend\node_modules\jest-runner\build\runTest.js:367:16)
    at runTest (D:\TITech Projects\society-community-savings-app\community-savings-app-backend\node_modules\jest-runner\build\runTest.js:444:34)</failure>
    </testcase>
    <testcase classname="Payment Service processMobileMoneyPayment" name="should process mobile money payment successfully" time="0.001">
      <failure>TypeError: Payment.findById.mockResolvedValue is not a function
    at Object.&lt;anonymous&gt; (D:\TITech Projects\society-community-savings-app\community-savings-app-backend\tests\unit\services\paymentService.test.js:188:24)
    at Promise.then.completed (D:\TITech Projects\society-community-savings-app\community-savings-app-backend\node_modules\jest-circus\build\utils.js:298:28)
    at new Promise (&lt;anonymous&gt;)
    at callAsyncCircusFn (D:\TITech Projects\society-community-savings-app\community-savings-app-backend\node_modules\jest-circus\build\utils.js:231:10)
    at _callCircusHook (D:\TITech Projects\society-community-savings-app\community-savings-app-backend\node_modules\jest-circus\build\run.js:281:40)
    at _runTest (D:\TITech Projects\society-community-savings-app\community-savings-app-backend\node_modules\jest-circus\build\run.js:246:5)
    at _runTestsForDescribeBlock (D:\TITech Projects\society-community-savings-app\community-savings-app-backend\node_modules\jest-circus\build\run.js:126:9)
    at _runTestsForDescribeBlock (D:\TITech Projects\society-community-savings-app\community-savings-app-backend\node_modules\jest-circus\build\run.js:121:9)
    at _runTestsForDescribeBlock (D:\TITech Projects\society-community-savings-app\community-savings-app-backend\node_modules\jest-circus\build\run.js:121:9)
    at run (D:\TITech Projects\society-community-savings-app\community-savings-app-backend\node_modules\jest-circus\build\run.js:71:3)
    at runAndTransformResultsToJestFormat (D:\TITech Projects\society-community-savings-app\community-savings-app-backend\node_modules\jest-circus\build\legacy-code-todo-rewrite\jestAdapterInit.js:122:21)
    at jestAdapter (D:\TITech Projects\society-community-savings-app\community-savings-app-backend\node_modules\jest-circus\build\legacy-code-todo-rewrite\jestAdapter.js:79:19)
    at runTestInternal (D:\TITech Projects\society-community-savings-app\community-savings-app-backend\node_modules\jest-runner\build\runTest.js:367:16)
    at runTest (D:\TITech Projects\society-community-savings-app\community-savings-app-backend\node_modules\jest-runner\build\runTest.js:444:34)</failure>
    </testcase>
    <testcase classname="Payment Service processMobileMoneyPayment" name="should handle mobile money payment failure" time="0">
      <failure>TypeError: Payment.findById.mockResolvedValue is not a function
    at Object.&lt;anonymous&gt; (D:\TITech Projects\society-community-savings-app\community-savings-app-backend\tests\unit\services\paymentService.test.js:188:24)
    at Promise.then.completed (D:\TITech Projects\society-community-savings-app\community-savings-app-backend\node_modules\jest-circus\build\utils.js:298:28)
    at new Promise (&lt;anonymous&gt;)
    at callAsyncCircusFn (D:\TITech Projects\society-community-savings-app\community-savings-app-backend\node_modules\jest-circus\build\utils.js:231:10)
    at _callCircusHook (D:\TITech Projects\society-community-savings-app\community-savings-app-backend\node_modules\jest-circus\build\run.js:281:40)
    at _runTest (D:\TITech Projects\society-community-savings-app\community-savings-app-backend\node_modules\jest-circus\build\run.js:246:5)
    at _runTestsForDescribeBlock (D:\TITech Projects\society-community-savings-app\community-savings-app-backend\node_modules\jest-circus\build\run.js:126:9)
    at _runTestsForDescribeBlock (D:\TITech Projects\society-community-savings-app\community-savings-app-backend\node_modules\jest-circus\build\run.js:121:9)
    at _runTestsForDescribeBlock (D:\TITech Projects\society-community-savings-app\community-savings-app-backend\node_modules\jest-circus\build\run.js:121:9)
    at run (D:\TITech Projects\society-community-savings-app\community-savings-app-backend\node_modules\jest-circus\build\run.js:71:3)
    at runAndTransformResultsToJestFormat (D:\TITech Projects\society-community-savings-app\community-savings-app-backend\node_modules\jest-circus\build\legacy-code-todo-rewrite\jestAdapterInit.js:122:21)
    at jestAdapter (D:\TITech Projects\society-community-savings-app\community-savings-app-backend\node_modules\jest-circus\build\legacy-code-todo-rewrite\jestAdapter.js:79:19)
    at runTestInternal (D:\TITech Projects\society-community-savings-app\community-savings-app-backend\node_modules\jest-runner\build\runTest.js:367:16)
    at runTest (D:\TITech Projects\society-community-savings-app\community-savings-app-backend\node_modules\jest-runner\build\runTest.js:444:34)</failure>
    </testcase>
    <testcase classname="Payment Service processMobileMoneyPayment" name="should validate phone number format" time="0">
      <failure>TypeError: Payment.findById.mockResolvedValue is not a function
    at Object.&lt;anonymous&gt; (D:\TITech Projects\society-community-savings-app\community-savings-app-backend\tests\unit\services\paymentService.test.js:188:24)
    at Promise.then.completed (D:\TITech Projects\society-community-savings-app\community-savings-app-backend\node_modules\jest-circus\build\utils.js:298:28)
    at new Promise (&lt;anonymous&gt;)
    at callAsyncCircusFn (D:\TITech Projects\society-community-savings-app\community-savings-app-backend\node_modules\jest-circus\build\utils.js:231:10)
    at _callCircusHook (D:\TITech Projects\society-community-savings-app\community-savings-app-backend\node_modules\jest-circus\build\run.js:281:40)
    at _runTest (D:\TITech Projects\society-community-savings-app\community-savings-app-backend\node_modules\jest-circus\build\run.js:246:5)
    at _runTestsForDescribeBlock (D:\TITech Projects\society-community-savings-app\community-savings-app-backend\node_modules\jest-circus\build\run.js:126:9)
    at _runTestsForDescribeBlock (D:\TITech Projects\society-community-savings-app\community-savings-app-backend\node_modules\jest-circus\build\run.js:121:9)
    at _runTestsForDescribeBlock (D:\TITech Projects\society-community-savings-app\community-savings-app-backend\node_modules\jest-circus\build\run.js:121:9)
    at run (D:\TITech Projects\society-community-savings-app\community-savings-app-backend\node_modules\jest-circus\build\run.js:71:3)
    at runAndTransformResultsToJestFormat (D:\TITech Projects\society-community-savings-app\community-savings-app-backend\node_modules\jest-circus\build\legacy-code-todo-rewrite\jestAdapterInit.js:122:21)
    at jestAdapter (D:\TITech Projects\society-community-savings-app\community-savings-app-backend\node_modules\jest-circus\build\legacy-code-todo-rewrite\jestAdapter.js:79:19)
    at runTestInternal (D:\TITech Projects\society-community-savings-app\community-savings-app-backend\node_modules\jest-runner\build\runTest.js:367:16)
    at runTest (D:\TITech Projects\society-community-savings-app\community-savings-app-backend\node_modules\jest-runner\build\runTest.js:444:34)</failure>
    </testcase>
    <testcase classname="Payment Service verifyPayment" name="should return payment details with populated user and group" time="0.001">
      <failure>TypeError: Payment.findById.mockReturnValue is not a function
    at Object.&lt;anonymous&gt; (D:\TITech Projects\society-community-savings-app\community-savings-app-backend\tests\unit\services\paymentService.test.js:252:24)
    at Promise.then.completed (D:\TITech Projects\society-community-savings-app\community-savings-app-backend\node_modules\jest-circus\build\utils.js:298:28)
    at new Promise (&lt;anonymous&gt;)
    at callAsyncCircusFn (D:\TITech Projects\society-community-savings-app\community-savings-app-backend\node_modules\jest-circus\build\utils.js:231:10)
    at _callCircusTest (D:\TITech Projects\society-community-savings-app\community-savings-app-backend\node_modules\jest-circus\build\run.js:316:40)
    at _runTest (D:\TITech Projects\society-community-savings-app\community-savings-app-backend\node_modules\jest-circus\build\run.js:252:3)
    at _runTestsForDescribeBlock (D:\TITech Projects\society-community-savings-app\community-savings-app-backend\node_modules\jest-circus\build\run.js:126:9)
    at _runTestsForDescribeBlock (D:\TITech Projects\society-community-savings-app\community-savings-app-backend\node_modules\jest-circus\build\run.js:121:9)
    at _runTestsForDescribeBlock (D:\TITech Projects\society-community-savings-app\community-savings-app-backend\node_modules\jest-circus\build\run.js:121:9)
    at run (D:\TITech Projects\society-community-savings-app\community-savings-app-backend\node_modules\jest-circus\build\run.js:71:3)
    at runAndTransformResultsToJestFormat (D:\TITech Projects\society-community-savings-app\community-savings-app-backend\node_modules\jest-circus\build\legacy-code-todo-rewrite\jestAdapterInit.js:122:21)
    at jestAdapter (D:\TITech Projects\society-community-savings-app\community-savings-app-backend\node_modules\jest-circus\build\legacy-code-todo-rewrite\jestAdapter.js:79:19)
    at runTestInternal (D:\TITech Projects\society-community-savings-app\community-savings-app-backend\node_modules\jest-runner\build\runTest.js:367:16)
    at runTest (D:\TITech Projects\society-community-savings-app\community-savings-app-backend\node_modules\jest-runner\build\runTest.js:444:34)</failure>
    </testcase>
    <testcase classname="Payment Service verifyPayment" name="should throw error for non-existent payment" time="0">
      <failure>TypeError: Payment.findById.mockReturnValue is not a function
    at Object.&lt;anonymous&gt; (D:\TITech Projects\society-community-savings-app\community-savings-app-backend\tests\unit\services\paymentService.test.js:268:24)
    at Promise.then.completed (D:\TITech Projects\society-community-savings-app\community-savings-app-backend\node_modules\jest-circus\build\utils.js:298:28)
    at new Promise (&lt;anonymous&gt;)
    at callAsyncCircusFn (D:\TITech Projects\society-community-savings-app\community-savings-app-backend\node_modules\jest-circus\build\utils.js:231:10)
    at _callCircusTest (D:\TITech Projects\society-community-savings-app\community-savings-app-backend\node_modules\jest-circus\build\run.js:316:40)
    at _runTest (D:\TITech Projects\society-community-savings-app\community-savings-app-backend\node_modules\jest-circus\build\run.js:252:3)
    at _runTestsForDescribeBlock (D:\TITech Projects\society-community-savings-app\community-savings-app-backend\node_modules\jest-circus\build\run.js:126:9)
    at _runTestsForDescribeBlock (D:\TITech Projects\society-community-savings-app\community-savings-app-backend\node_modules\jest-circus\build\run.js:121:9)
    at _runTestsForDescribeBlock (D:\TITech Projects\society-community-savings-app\community-savings-app-backend\node_modules\jest-circus\build\run.js:121:9)
    at run (D:\TITech Projects\society-community-savings-app\community-savings-app-backend\node_modules\jest-circus\build\run.js:71:3)
    at runAndTransformResultsToJestFormat (D:\TITech Projects\society-community-savings-app\community-savings-app-backend\node_modules\jest-circus\build\legacy-code-todo-rewrite\jestAdapterInit.js:122:21)
    at jestAdapter (D:\TITech Projects\society-community-savings-app\community-savings-app-backend\node_modules\jest-circus\build\legacy-code-todo-rewrite\jestAdapter.js:79:19)
    at runTestInternal (D:\TITech Projects\society-community-savings-app\community-savings-app-backend\node_modules\jest-runner\build\runTest.js:367:16)
    at runTest (D:\TITech Projects\society-community-savings-app\community-savings-app-backend\node_modules\jest-runner\build\runTest.js:444:34)</failure>
    </testcase>
    <testcase classname="Payment Service processRefund" name="should process refund successfully" time="0">
      <failure>TypeError: Payment.findById.mockResolvedValue is not a function
    at Object.&lt;anonymous&gt; (D:\TITech Projects\society-community-savings-app\community-savings-app-backend\tests\unit\services\paymentService.test.js:296:24)
    at Promise.then.completed (D:\TITech Projects\society-community-savings-app\community-savings-app-backend\node_modules\jest-circus\build\utils.js:298:28)
    at new Promise (&lt;anonymous&gt;)
    at callAsyncCircusFn (D:\TITech Projects\society-community-savings-app\community-savings-app-backend\node_modules\jest-circus\build\utils.js:231:10)
    at _callCircusHook (D:\TITech Projects\society-community-savings-app\community-savings-app-backend\node_modules\jest-circus\build\run.js:281:40)
    at _runTest (D:\TITech Projects\society-community-savings-app\community-savings-app-backend\node_modules\jest-circus\build\run.js:246:5)
    at _runTestsForDescribeBlock (D:\TITech Projects\society-community-savings-app\community-savings-app-backend\node_modules\jest-circus\build\run.js:126:9)
    at _runTestsForDescribeBlock (D:\TITech Projects\society-community-savings-app\community-savings-app-backend\node_modules\jest-circus\build\run.js:121:9)
    at _runTestsForDescribeBlock (D:\TITech Projects\society-community-savings-app\community-savings-app-backend\node_modules\jest-circus\build\run.js:121:9)
    at run (D:\TITech Projects\society-community-savings-app\community-savings-app-backend\node_modules\jest-circus\build\run.js:71:3)
    at runAndTransformResultsToJestFormat (D:\TITech Projects\society-community-savings-app\community-savings-app-backend\node_modules\jest-circus\build\legacy-code-todo-rewrite\jestAdapterInit.js:122:21)
    at jestAdapter (D:\TITech Projects\society-community-savings-app\community-savings-app-backend\node_modules\jest-circus\build\legacy-code-todo-rewrite\jestAdapter.js:79:19)
    at runTestInternal (D:\TITech Projects\society-community-savings-app\community-savings-app-backend\node_modules\jest-runner\build\runTest.js:367:16)
    at runTest (D:\TITech Projects\society-community-savings-app\community-savings-app-backend\node_modules\jest-runner\build\runTest.js:444:34)</failure>
    </testcase>
    <testcase classname="Payment Service processRefund" name="should reject refund for non-completed payments" time="0">
      <failure>TypeError: Payment.findById.mockResolvedValue is not a function
    at Object.&lt;anonymous&gt; (D:\TITech Projects\society-community-savings-app\community-savings-app-backend\tests\unit\services\paymentService.test.js:296:24)
    at Promise.then.completed (D:\TITech Projects\society-community-savings-app\community-savings-app-backend\node_modules\jest-circus\build\utils.js:298:28)
    at new Promise (&lt;anonymous&gt;)
    at callAsyncCircusFn (D:\TITech Projects\society-community-savings-app\community-savings-app-backend\node_modules\jest-circus\build\utils.js:231:10)
    at _callCircusHook (D:\TITech Projects\society-community-savings-app\community-savings-app-backend\node_modules\jest-circus\build\run.js:281:40)
    at _runTest (D:\TITech Projects\society-community-savings-app\community-savings-app-backend\node_modules\jest-circus\build\run.js:246:5)
    at _runTestsForDescribeBlock (D:\TITech Projects\society-community-savings-app\community-savings-app-backend\node_modules\jest-circus\build\run.js:126:9)
    at _runTestsForDescribeBlock (D:\TITech Projects\society-community-savings-app\community-savings-app-backend\node_modules\jest-circus\build\run.js:121:9)
    at _runTestsForDescribeBlock (D:\TITech Projects\society-community-savings-app\community-savings-app-backend\node_modules\jest-circus\build\run.js:121:9)
    at run (D:\TITech Projects\society-community-savings-app\community-savings-app-backend\node_modules\jest-circus\build\run.js:71:3)
    at runAndTransformResultsToJestFormat (D:\TITech Projects\society-community-savings-app\community-savings-app-backend\node_modules\jest-circus\build\legacy-code-todo-rewrite\jestAdapterInit.js:122:21)
    at jestAdapter (D:\TITech Projects\society-community-savings-app\community-savings-app-backend\node_modules\jest-circus\build\legacy-code-todo-rewrite\jestAdapter.js:79:19)
    at runTestInternal (D:\TITech Projects\society-community-savings-app\community-savings-app-backend\node_modules\jest-runner\build\runTest.js:367:16)
    at runTest (D:\TITech Projects\society-community-savings-app\community-savings-app-backend\node_modules\jest-runner\build\runTest.js:444:34)</failure>
    </testcase>
    <testcase classname="Payment Service processRefund" name="should prevent over-refund" time="0">
      <failure>TypeError: Payment.findById.mockResolvedValue is not a function
    at Object.&lt;anonymous&gt; (D:\TITech Projects\society-community-savings-app\community-savings-app-backend\tests\unit\services\paymentService.test.js:296:24)
    at Promise.then.completed (D:\TITech Projects\society-community-savings-app\community-savings-app-backend\node_modules\jest-circus\build\utils.js:298:28)
    at new Promise (&lt;anonymous&gt;)
    at callAsyncCircusFn (D:\TITech Projects\society-community-savings-app\community-savings-app-backend\node_modules\jest-circus\build\utils.js:231:10)
    at _callCircusHook (D:\TITech Projects\society-community-savings-app\community-savings-app-backend\node_modules\jest-circus\build\run.js:281:40)
    at _runTest (D:\TITech Projects\society-community-savings-app\community-savings-app-backend\node_modules\jest-circus\build\run.js:246:5)
    at _runTestsForDescribeBlock (D:\TITech Projects\society-community-savings-app\community-savings-app-backend\node_modules\jest-circus\build\run.js:126:9)
    at _runTestsForDescribeBlock (D:\TITech Projects\society-community-savings-app\community-savings-app-backend\node_modules\jest-circus\build\run.js:121:9)
    at _runTestsForDescribeBlock (D:\TITech Projects\society-community-savings-app\community-savings-app-backend\node_modules\jest-circus\build\run.js:121:9)
    at run (D:\TITech Projects\society-community-savings-app\community-savings-app-backend\node_modules\jest-circus\build\run.js:71:3)
    at runAndTransformResultsToJestFormat (D:\TITech Projects\society-community-savings-app\community-savings-app-backend\node_modules\jest-circus\build\legacy-code-todo-rewrite\jestAdapterInit.js:122:21)
    at jestAdapter (D:\TITech Projects\society-community-savings-app\community-savings-app-backend\node_modules\jest-circus\build\legacy-code-todo-rewrite\jestAdapter.js:79:19)
    at runTestInternal (D:\TITech Projects\society-community-savings-app\community-savings-app-backend\node_modules\jest-runner\build\runTest.js:367:16)
    at runTest (D:\TITech Projects\society-community-savings-app\community-savings-app-backend\node_modules\jest-runner\build\runTest.js:444:34)</failure>
    </testcase>
    <testcase classname="Payment Service getPaymentAnalytics" name="should return payment analytics grouped by method and type" time="0">
      <failure>TypeError: Payment.aggregate.mockResolvedValue is not a function
    at Object.&lt;anonymous&gt; (D:\TITech Projects\society-community-savings-app\community-savings-app-backend\tests\unit\services\paymentService.test.js:346:25)
    at Promise.then.completed (D:\TITech Projects\society-community-savings-app\community-savings-app-backend\node_modules\jest-circus\build\utils.js:298:28)
    at new Promise (&lt;anonymous&gt;)
    at callAsyncCircusFn (D:\TITech Projects\society-community-savings-app\community-savings-app-backend\node_modules\jest-circus\build\utils.js:231:10)
    at _callCircusTest (D:\TITech Projects\society-community-savings-app\community-savings-app-backend\node_modules\jest-circus\build\run.js:316:40)
    at _runTest (D:\TITech Projects\society-community-savings-app\community-savings-app-backend\node_modules\jest-circus\build\run.js:252:3)
    at _runTestsForDescribeBlock (D:\TITech Projects\society-community-savings-app\community-savings-app-backend\node_modules\jest-circus\build\run.js:126:9)
    at _runTestsForDescribeBlock (D:\TITech Projects\society-community-savings-app\community-savings-app-backend\node_modules\jest-circus\build\run.js:121:9)
    at _runTestsForDescribeBlock (D:\TITech Projects\society-community-savings-app\community-savings-app-backend\node_modules\jest-circus\build\run.js:121:9)
    at run (D:\TITech Projects\society-community-savings-app\community-savings-app-backend\node_modules\jest-circus\build\run.js:71:3)
    at runAndTransformResultsToJestFormat (D:\TITech Projects\society-community-savings-app\community-savings-app-backend\node_modules\jest-circus\build\legacy-code-todo-rewrite\jestAdapterInit.js:122:21)
    at jestAdapter (D:\TITech Projects\society-community-savings-app\community-savings-app-backend\node_modules\jest-circus\build\legacy-code-todo-rewrite\jestAdapter.js:79:19)
    at runTestInternal (D:\TITech Projects\society-community-savings-app\community-savings-app-backend\node_modules\jest-runner\build\runTest.js:367:16)
    at runTest (D:\TITech Projects\society-community-savings-app\community-savings-app-backend\node_modules\jest-runner\build\runTest.js:444:34)</failure>
    </testcase>
  </testsuite>
  <testsuite name="Referral Service" errors="0" failures="7" skipped="0" timestamp="2026-06-04T21:00:21" time="0.789" tests="8">
    <testcase classname="Referral Service generateCode" name="should generate unique referral code" time="0.001">
      <failure>TypeError: Referral.findOne.mockResolvedValue is not a function
    at Object.&lt;anonymous&gt; (D:\TITech Projects\society-community-savings-app\community-savings-app-backend\tests\unit\services\referralService.test.js:40:24)
    at Promise.then.completed (D:\TITech Projects\society-community-savings-app\community-savings-app-backend\node_modules\jest-circus\build\utils.js:298:28)
    at new Promise (&lt;anonymous&gt;)
    at callAsyncCircusFn (D:\TITech Projects\society-community-savings-app\community-savings-app-backend\node_modules\jest-circus\build\utils.js:231:10)
    at _callCircusTest (D:\TITech Projects\society-community-savings-app\community-savings-app-backend\node_modules\jest-circus\build\run.js:316:40)
    at _runTest (D:\TITech Projects\society-community-savings-app\community-savings-app-backend\node_modules\jest-circus\build\run.js:252:3)
    at _runTestsForDescribeBlock (D:\TITech Projects\society-community-savings-app\community-savings-app-backend\node_modules\jest-circus\build\run.js:126:9)
    at _runTestsForDescribeBlock (D:\TITech Projects\society-community-savings-app\community-savings-app-backend\node_modules\jest-circus\build\run.js:121:9)
    at _runTestsForDescribeBlock (D:\TITech Projects\society-community-savings-app\community-savings-app-backend\node_modules\jest-circus\build\run.js:121:9)
    at run (D:\TITech Projects\society-community-savings-app\community-savings-app-backend\node_modules\jest-circus\build\run.js:71:3)
    at runAndTransformResultsToJestFormat (D:\TITech Projects\society-community-savings-app\community-savings-app-backend\node_modules\jest-circus\build\legacy-code-todo-rewrite\jestAdapterInit.js:122:21)
    at jestAdapter (D:\TITech Projects\society-community-savings-app\community-savings-app-backend\node_modules\jest-circus\build\legacy-code-todo-rewrite\jestAdapter.js:79:19)
    at runTestInternal (D:\TITech Projects\society-community-savings-app\community-savings-app-backend\node_modules\jest-runner\build\runTest.js:367:16)
    at runTest (D:\TITech Projects\society-community-savings-app\community-savings-app-backend\node_modules\jest-runner\build\runTest.js:444:34)</failure>
    </testcase>
    <testcase classname="Referral Service generateCode" name="should return existing code if available" time="0">
      <failure>TypeError: Referral.findOne.mockResolvedValue is not a function
    at Object.&lt;anonymous&gt; (D:\TITech Projects\society-community-savings-app\community-savings-app-backend\tests\unit\services\referralService.test.js:57:24)
    at Promise.then.completed (D:\TITech Projects\society-community-savings-app\community-savings-app-backend\node_modules\jest-circus\build\utils.js:298:28)
    at new Promise (&lt;anonymous&gt;)
    at callAsyncCircusFn (D:\TITech Projects\society-community-savings-app\community-savings-app-backend\node_modules\jest-circus\build\utils.js:231:10)
    at _callCircusTest (D:\TITech Projects\society-community-savings-app\community-savings-app-backend\node_modules\jest-circus\build\run.js:316:40)
    at _runTest (D:\TITech Projects\society-community-savings-app\community-savings-app-backend\node_modules\jest-circus\build\run.js:252:3)
    at _runTestsForDescribeBlock (D:\TITech Projects\society-community-savings-app\community-savings-app-backend\node_modules\jest-circus\build\run.js:126:9)
    at _runTestsForDescribeBlock (D:\TITech Projects\society-community-savings-app\community-savings-app-backend\node_modules\jest-circus\build\run.js:121:9)
    at _runTestsForDescribeBlock (D:\TITech Projects\society-community-savings-app\community-savings-app-backend\node_modules\jest-circus\build\run.js:121:9)
    at run (D:\TITech Projects\society-community-savings-app\community-savings-app-backend\node_modules\jest-circus\build\run.js:71:3)
    at runAndTransformResultsToJestFormat (D:\TITech Projects\society-community-savings-app\community-savings-app-backend\node_modules\jest-circus\build\legacy-code-todo-rewrite\jestAdapterInit.js:122:21)
    at jestAdapter (D:\TITech Projects\society-community-savings-app\community-savings-app-backend\node_modules\jest-circus\build\legacy-code-todo-rewrite\jestAdapter.js:79:19)
    at runTestInternal (D:\TITech Projects\society-community-savings-app\community-savings-app-backend\node_modules\jest-runner\build\runTest.js:367:16)
    at runTest (D:\TITech Projects\society-community-savings-app\community-savings-app-backend\node_modules\jest-runner\build\runTest.js:444:34)</failure>
    </testcase>
    <testcase classname="Referral Service redeemCode" name="should redeem referral code successfully" time="0.001">
      <failure>TypeError: Referral.findOne.mockResolvedValue is not a function
    at Object.&lt;anonymous&gt; (D:\TITech Projects\society-community-savings-app\community-savings-app-backend\tests\unit\services\referralService.test.js:81:24)
    at Promise.then.completed (D:\TITech Projects\society-community-savings-app\community-savings-app-backend\node_modules\jest-circus\build\utils.js:298:28)
    at new Promise (&lt;anonymous&gt;)
    at callAsyncCircusFn (D:\TITech Projects\society-community-savings-app\community-savings-app-backend\node_modules\jest-circus\build\utils.js:231:10)
    at _callCircusTest (D:\TITech Projects\society-community-savings-app\community-savings-app-backend\node_modules\jest-circus\build\run.js:316:40)
    at _runTest (D:\TITech Projects\society-community-savings-app\community-savings-app-backend\node_modules\jest-circus\build\run.js:252:3)
    at _runTestsForDescribeBlock (D:\TITech Projects\society-community-savings-app\community-savings-app-backend\node_modules\jest-circus\build\run.js:126:9)
    at _runTestsForDescribeBlock (D:\TITech Projects\society-community-savings-app\community-savings-app-backend\node_modules\jest-circus\build\run.js:121:9)
    at _runTestsForDescribeBlock (D:\TITech Projects\society-community-savings-app\community-savings-app-backend\node_modules\jest-circus\build\run.js:121:9)
    at run (D:\TITech Projects\society-community-savings-app\community-savings-app-backend\node_modules\jest-circus\build\run.js:71:3)
    at runAndTransformResultsToJestFormat (D:\TITech Projects\society-community-savings-app\community-savings-app-backend\node_modules\jest-circus\build\legacy-code-todo-rewrite\jestAdapterInit.js:122:21)
    at jestAdapter (D:\TITech Projects\society-community-savings-app\community-savings-app-backend\node_modules\jest-circus\build\legacy-code-todo-rewrite\jestAdapter.js:79:19)
    at runTestInternal (D:\TITech Projects\society-community-savings-app\community-savings-app-backend\node_modules\jest-runner\build\runTest.js:367:16)
    at runTest (D:\TITech Projects\society-community-savings-app\community-savings-app-backend\node_modules\jest-runner\build\runTest.js:444:34)</failure>
    </testcase>
    <testcase classname="Referral Service redeemCode" name="should prevent self-referral" time="0">
      <failure>TypeError: Referral.findOne.mockResolvedValue is not a function
    at Object.&lt;anonymous&gt; (D:\TITech Projects\society-community-savings-app\community-savings-app-backend\tests\unit\services\referralService.test.js:100:24)
    at Promise.then.completed (D:\TITech Projects\society-community-savings-app\community-savings-app-backend\node_modules\jest-circus\build\utils.js:298:28)
    at new Promise (&lt;anonymous&gt;)
    at callAsyncCircusFn (D:\TITech Projects\society-community-savings-app\community-savings-app-backend\node_modules\jest-circus\build\utils.js:231:10)
    at _callCircusTest (D:\TITech Projects\society-community-savings-app\community-savings-app-backend\node_modules\jest-circus\build\run.js:316:40)
    at _runTest (D:\TITech Projects\society-community-savings-app\community-savings-app-backend\node_modules\jest-circus\build\run.js:252:3)
    at _runTestsForDescribeBlock (D:\TITech Projects\society-community-savings-app\community-savings-app-backend\node_modules\jest-circus\build\run.js:126:9)
    at _runTestsForDescribeBlock (D:\TITech Projects\society-community-savings-app\community-savings-app-backend\node_modules\jest-circus\build\run.js:121:9)
    at _runTestsForDescribeBlock (D:\TITech Projects\society-community-savings-app\community-savings-app-backend\node_modules\jest-circus\build\run.js:121:9)
    at run (D:\TITech Projects\society-community-savings-app\community-savings-app-backend\node_modules\jest-circus\build\run.js:71:3)
    at runAndTransformResultsToJestFormat (D:\TITech Projects\society-community-savings-app\community-savings-app-backend\node_modules\jest-circus\build\legacy-code-todo-rewrite\jestAdapterInit.js:122:21)
    at jestAdapter (D:\TITech Projects\society-community-savings-app\community-savings-app-backend\node_modules\jest-circus\build\legacy-code-todo-rewrite\jestAdapter.js:79:19)
    at runTestInternal (D:\TITech Projects\society-community-savings-app\community-savings-app-backend\node_modules\jest-runner\build\runTest.js:367:16)
    at runTest (D:\TITech Projects\society-community-savings-app\community-savings-app-backend\node_modules\jest-runner\build\runTest.js:444:34)</failure>
    </testcase>
    <testcase classname="Referral Service redeemCode" name="should reject invalid code" time="0">
      <failure>TypeError: Referral.findOne.mockResolvedValue is not a function
    at Object.&lt;anonymous&gt; (D:\TITech Projects\society-community-savings-app\community-savings-app-backend\tests\unit\services\referralService.test.js:108:24)
    at Promise.then.completed (D:\TITech Projects\society-community-savings-app\community-savings-app-backend\node_modules\jest-circus\build\utils.js:298:28)
    at new Promise (&lt;anonymous&gt;)
    at callAsyncCircusFn (D:\TITech Projects\society-community-savings-app\community-savings-app-backend\node_modules\jest-circus\build\utils.js:231:10)
    at _callCircusTest (D:\TITech Projects\society-community-savings-app\community-savings-app-backend\node_modules\jest-circus\build\run.js:316:40)
    at _runTest (D:\TITech Projects\society-community-savings-app\community-savings-app-backend\node_modules\jest-circus\build\run.js:252:3)
    at _runTestsForDescribeBlock (D:\TITech Projects\society-community-savings-app\community-savings-app-backend\node_modules\jest-circus\build\run.js:126:9)
    at _runTestsForDescribeBlock (D:\TITech Projects\society-community-savings-app\community-savings-app-backend\node_modules\jest-circus\build\run.js:121:9)
    at _runTestsForDescribeBlock (D:\TITech Projects\society-community-savings-app\community-savings-app-backend\node_modules\jest-circus\build\run.js:121:9)
    at run (D:\TITech Projects\society-community-savings-app\community-savings-app-backend\node_modules\jest-circus\build\run.js:71:3)
    at runAndTransformResultsToJestFormat (D:\TITech Projects\society-community-savings-app\community-savings-app-backend\node_modules\jest-circus\build\legacy-code-todo-rewrite\jestAdapterInit.js:122:21)
    at jestAdapter (D:\TITech Projects\society-community-savings-app\community-savings-app-backend\node_modules\jest-circus\build\legacy-code-todo-rewrite\jestAdapter.js:79:19)
    at runTestInternal (D:\TITech Projects\society-community-savings-app\community-savings-app-backend\node_modules\jest-runner\build\runTest.js:367:16)
    at runTest (D:\TITech Projects\society-community-savings-app\community-savings-app-backend\node_modules\jest-runner\build\runTest.js:444:34)</failure>
    </testcase>
    <testcase classname="Referral Service redeemCode" name="should reject expired code" time="0">
      <failure>TypeError: Referral.findOne.mockResolvedValue is not a function
    at Object.&lt;anonymous&gt; (D:\TITech Projects\society-community-savings-app\community-savings-app-backend\tests\unit\services\referralService.test.js:123:24)
    at Promise.then.completed (D:\TITech Projects\society-community-savings-app\community-savings-app-backend\node_modules\jest-circus\build\utils.js:298:28)
    at new Promise (&lt;anonymous&gt;)
    at callAsyncCircusFn (D:\TITech Projects\society-community-savings-app\community-savings-app-backend\node_modules\jest-circus\build\utils.js:231:10)
    at _callCircusTest (D:\TITech Projects\society-community-savings-app\community-savings-app-backend\node_modules\jest-circus\build\run.js:316:40)
    at _runTest (D:\TITech Projects\society-community-savings-app\community-savings-app-backend\node_modules\jest-circus\build\run.js:252:3)
    at _runTestsForDescribeBlock (D:\TITech Projects\society-community-savings-app\community-savings-app-backend\node_modules\jest-circus\build\run.js:126:9)
    at _runTestsForDescribeBlock (D:\TITech Projects\society-community-savings-app\community-savings-app-backend\node_modules\jest-circus\build\run.js:121:9)
    at _runTestsForDescribeBlock (D:\TITech Projects\society-community-savings-app\community-savings-app-backend\node_modules\jest-circus\build\run.js:121:9)
    at run (D:\TITech Projects\society-community-savings-app\community-savings-app-backend\node_modules\jest-circus\build\run.js:71:3)
    at runAndTransformResultsToJestFormat (D:\TITech Projects\society-community-savings-app\community-savings-app-backend\node_modules\jest-circus\build\legacy-code-todo-rewrite\jestAdapterInit.js:122:21)
    at jestAdapter (D:\TITech Projects\society-community-savings-app\community-savings-app-backend\node_modules\jest-circus\build\legacy-code-todo-rewrite\jestAdapter.js:79:19)
    at runTestInternal (D:\TITech Projects\society-community-savings-app\community-savings-app-backend\node_modules\jest-runner\build\runTest.js:367:16)
    at runTest (D:\TITech Projects\society-community-savings-app\community-savings-app-backend\node_modules\jest-runner\build\runTest.js:444:34)</failure>
    </testcase>
    <testcase classname="Referral Service getReferralStats" name="should return referral statistics" time="0">
      <failure>TypeError: Referral.findOne.mockResolvedValue is not a function
    at Object.&lt;anonymous&gt; (D:\TITech Projects\society-community-savings-app\community-savings-app-backend\tests\unit\services\referralService.test.js:139:24)
    at Promise.then.completed (D:\TITech Projects\society-community-savings-app\community-savings-app-backend\node_modules\jest-circus\build\utils.js:298:28)
    at new Promise (&lt;anonymous&gt;)
    at callAsyncCircusFn (D:\TITech Projects\society-community-savings-app\community-savings-app-backend\node_modules\jest-circus\build\utils.js:231:10)
    at _callCircusTest (D:\TITech Projects\society-community-savings-app\community-savings-app-backend\node_modules\jest-circus\build\run.js:316:40)
    at _runTest (D:\TITech Projects\society-community-savings-app\community-savings-app-backend\node_modules\jest-circus\build\run.js:252:3)
    at _runTestsForDescribeBlock (D:\TITech Projects\society-community-savings-app\community-savings-app-backend\node_modules\jest-circus\build\run.js:126:9)
    at _runTestsForDescribeBlock (D:\TITech Projects\society-community-savings-app\community-savings-app-backend\node_modules\jest-circus\build\run.js:121:9)
    at _runTestsForDescribeBlock (D:\TITech Projects\society-community-savings-app\community-savings-app-backend\node_modules\jest-circus\build\run.js:121:9)
    at run (D:\TITech Projects\society-community-savings-app\community-savings-app-backend\node_modules\jest-circus\build\run.js:71:3)
    at runAndTransformResultsToJestFormat (D:\TITech Projects\society-community-savings-app\community-savings-app-backend\node_modules\jest-circus\build\legacy-code-todo-rewrite\jestAdapterInit.js:122:21)
    at jestAdapter (D:\TITech Projects\society-community-savings-app\community-savings-app-backend\node_modules\jest-circus\build\legacy-code-todo-rewrite\jestAdapter.js:79:19)
    at runTestInternal (D:\TITech Projects\society-community-savings-app\community-savings-app-backend\node_modules\jest-runner\build\runTest.js:367:16)
    at runTest (D:\TITech Projects\society-community-savings-app\community-savings-app-backend\node_modules\jest-runner\build\runTest.js:444:34)</failure>
    </testcase>
    <testcase classname="Referral Service generateReferralLink" name="should generate referral link with code" time="0.002">
    </testcase>
  </testsuite>
  <testsuite name="Email Verification Service" errors="0" failures="6" skipped="0" timestamp="2026-06-04T21:00:22" time="0.657" tests="6">
    <testcase classname="Email Verification Service generateTokenAndSend" name="should generate verification token and send email" time="0.001">
      <failure>SyntaxError: Unexpected identifier &apos;Object&apos;
    at new Function (&lt;anonymous&gt;)
    at Object.&lt;anonymous&gt; (D:\TITech Projects\society-community-savings-app\community-savings-app-backend\tests\unit\services\emailVerificationService.test.js:36:23)
    at Promise.then.completed (D:\TITech Projects\society-community-savings-app\community-savings-app-backend\node_modules\jest-circus\build\utils.js:298:28)
    at new Promise (&lt;anonymous&gt;)
    at callAsyncCircusFn (D:\TITech Projects\society-community-savings-app\community-savings-app-backend\node_modules\jest-circus\build\utils.js:231:10)
    at _callCircusTest (D:\TITech Projects\society-community-savings-app\community-savings-app-backend\node_modules\jest-circus\build\run.js:316:40)
    at _runTest (D:\TITech Projects\society-community-savings-app\community-savings-app-backend\node_modules\jest-circus\build\run.js:252:3)
[...]
    at _runTestsForDescribeBlock (D:\TITech Projects\society-community-savings-app\community-savings-app-backend\node_modules\jest-circus\build\run.js:121:9)
    at _runTestsForDescribeBlock (D:\TITech Projects\society-community-savings-app\community-savings-app-backend\node_modules\jest-circus\build\run.js:121:9)
    at run (D:\TITech Projects\society-community-savings-app\community-savings-app-backend\node_modules\jest-circus\build\run.js:71:3)
    at runAndTransformResultsToJestFormat (D:\TITech Projects\society-community-savings-app\community-savings-app-backend\node_modules\jest-circus\build\legacy-code-todo-rewrite\jestAdapterInit.js:122:21)
    at jestAdapter (D:\TITech Projects\society-community-savings-app\community-savings-app-backend\node_modules\jest-circus\build\legacy-code-todo-rewrite\jestAdapter.js:79:19)
    at runTestInternal (D:\TITech Projects\society-community-savings-app\community-savings-app-backend\node_modules\jest-runner\build\runTest.js:367:16)
    at runTest (D:\TITech Projects\society-community-savings-app\community-savings-app-backend\node_modules\jest-runner\build\runTest.js:444:34)</failure>
    </testcase>
    <testcase classname="Email Service testEmailConfiguration" name="should return success when email service is configured" time="0.002">
      <failure>TypeError: Cannot read properties of undefined (reading &apos;mockReturnValue&apos;)
    at Object.&lt;anonymous&gt; (D:\TITech Projects\society-community-savings-app\community-savings-app-backend\tests\unit\services\emailService.test.js:22:34)
    at Promise.then.completed (D:\TITech Projects\society-community-savings-app\community-savings-app-backend\node_modules\jest-circus\build\utils.js:298:28)
    at new Promise (&lt;anonymous&gt;)
    at callAsyncCircusFn (D:\TITech Projects\society-community-savings-app\community-savings-app-backend\node_modules\jest-circus\build\utils.js:231:10)
    at _callCircusHook (D:\TITech Projects\society-community-savings-app\community-savings-app-backend\node_modules\jest-circus\build\run.js:281:40)
    at _runTest (D:\TITech Projects\society-community-savings-app\community-savings-app-backend\node_modules\jest-circus\build\run.js:246:5)
    at _runTestsForDescribeBlock (D:\TITech Projects\society-community-savings-app\community-savings-app-backend\node_modules\jest-circus\build\run.js:126:9)
    at _runTestsForDescribeBlock (D:\TITech Projects\society-community-savings-app\community-savings-app-backend\node_modules\jest-circus\build\run.js:121:9)
    at _runTestsForDescribeBlock (D:\TITech Projects\society-community-savings-app\community-savings-app-backend\node_modules\jest-circus\build\run.js:121:9)
    at run (D:\TITech Projects\society-community-savings-app\community-savings-app-backend\node_modules\jest-circus\build\run.js:71:3)
    at runAndTransformResultsToJestFormat (D:\TITech Projects\society-community-savings-app\community-savings-app-backend\node_modules\jest-circus\build\legacy-code-todo-rewrite\jestAdapterInit.js:122:21)
    at jestAdapter (D:\TITech Projects\society-community-savings-app\community-savings-app-backend\node_modules\jest-circus\build\legacy-code-todo-rewrite\jestAdapter.js:79:19)
    at runTestInternal (D:\TITech Projects\society-community-savings-app\community-savings-app-backend\node_modules\jest-runner\build\runTest.js:367:16)
    at runTest (D:\TITech Projects\society-community-savings-app\community-savings-app-backend\node_modules\jest-runner\build\runTest.js:444:34)</failure>
    </testcase>
    <testcase classname="Email Service testEmailConfiguration" name="should return error when email service fails" time="0.001">
      <failure>TypeError: Cannot read properties of undefined (reading &apos;mockReturnValue&apos;)
    at Object.&lt;anonymous&gt; (D:\TITech Projects\society-community-savings-app\community-savings-app-backend\tests\unit\services\emailService.test.js:22:34)
    at Promise.then.completed (D:\TITech Projects\society-community-savings-app\community-savings-app-backend\node_modules\jest-circus\build\utils.js:298:28)
    at new Promise (&lt;anonymous&gt;)
    at callAsyncCircusFn (D:\TITech Projects\society-community-savings-app\community-savings-app-backend\node_modules\jest-circus\build\utils.js:231:10)
    at _callCircusHook (D:\TITech Projects\society-community-savings-app\community-savings-app-backend\node_modules\jest-circus\build\run.js:281:40)
    at _runTest (D:\TITech Projects\society-community-savings-app\community-savings-app-backend\node_modules\jest-circus\build\run.js:246:5)
    at _runTestsForDescribeBlock (D:\TITech Projects\society-community-savings-app\community-savings-app-backend\node_modules\jest-circus\build\run.js:126:9)
    at _runTestsForDescribeBlock (D:\TITech Projects\society-community-savings-app\community-savings-app-backend\node_modules\jest-circus\build\run.js:121:9)
    at _runTestsForDescribeBlock (D:\TITech Projects\society-community-savings-app\community-savings-app-backend\node_modules\jest-circus\build\run.js:121:9)
    at run (D:\TITech Projects\society-community-savings-app\community-savings-app-backend\node_modules\jest-circus\build\run.js:71:3)
    at runAndTransformResultsToJestFormat (D:\TITech Projects\society-community-savings-app\community-savings-app-backend\node_modules\jest-circus\build\legacy-code-todo-rewrite\jestAdapterInit.js:122:21)
    at jestAdapter (D:\TITech Projects\society-community-savings-app\community-savings-app-backend\node_modules\jest-circus\build\legacy-code-todo-rewrite\jestAdapter.js:79:19)
    at runTestInternal (D:\TITech Projects\society-community-savings-app\community-savings-app-backend\node_modules\jest-runner\build\runTest.js:367:16)
    at runTest (D:\TITech Projects\society-community-savings-app\community-savings-app-backend\node_modules\jest-runner\build\runTest.js:444:34)</failure>
    </testcase>
    <testcase classname="Email Service testEmailConfiguration" name="should return error when transporter not initialized" time="0.001">
      <failure>TypeError: Cannot read properties of undefined (reading &apos;mockReturnValue&apos;)
    at Object.&lt;anonymous&gt; (D:\TITech Projects\society-community-savings-app\community-savings-app-backend\tests\unit\services\emailService.test.js:22:34)
    at Promise.then.completed (D:\TITech Projects\society-community-savings-app\community-savings-app-backend\node_modules\jest-circus\build\utils.js:298:28)
    at new Promise (&lt;anonymous&gt;)
    at callAsyncCircusFn (D:\TITech Projects\society-community-savings-app\community-savings-app-backend\node_modules\jest-circus\build\utils.js:231:10)
    at _callCircusHook (D:\TITech Projects\society-community-savings-app\community-savings-app-backend\node_modules\jest-circus\build\run.js:281:40)
    at _runTest (D:\TITech Projects\society-community-savings-app\community-savings-app-backend\node_modules\jest-circus\build\run.js:246:5)
    at _runTestsForDescribeBlock (D:\TITech Projects\society-community-savings-app\community-savings-app-backend\node_modules\jest-circus\build\run.js:126:9)
    at _runTestsForDescribeBlock (D:\TITech Projects\society-community-savings-app\community-savings-app-backend\node_modules\jest-circus\build\run.js:121:9)
    at _runTestsForDescribeBlock (D:\TITech Projects\society-community-savings-app\community-savings-app-backend\node_modules\jest-circus\build\run.js:121:9)
    at run (D:\TITech Projects\society-community-savings-app\community-savings-app-backend\node_modules\jest-circus\build\run.js:71:3)
    at runAndTransformResultsToJestFormat (D:\TITech Projects\society-community-savings-app\community-savings-app-backend\node_modules\jest-circus\build\legacy-code-todo-rewrite\jestAdapterInit.js:122:21)
    at jestAdapter (D:\TITech Projects\society-community-savings-app\community-savings-app-backend\node_modules\jest-circus\build\legacy-code-todo-rewrite\jestAdapter.js:79:19)
    at runTestInternal (D:\TITech Projects\society-community-savings-app\community-savings-app-backend\node_modules\jest-runner\build\runTest.js:367:16)
    at runTest (D:\TITech Projects\society-community-savings-app\community-savings-app-backend\node_modules\jest-runner\build\runTest.js:444:34)</failure>
    </testcase>
    <testcase classname="Email Service sendWelcomeEmail" name="should send welcome email successfully" time="0.001">
      <failure>TypeError: Cannot read properties of undefined (reading &apos;mockReturnValue&apos;)
    at Object.&lt;anonymous&gt; (D:\TITech Projects\society-community-savings-app\community-savings-app-backend\tests\unit\services\emailService.test.js:22:34)
    at Promise.then.completed (D:\TITech Projects\society-community-savings-app\community-savings-app-backend\node_modules\jest-circus\build\utils.js:298:28)
    at new Promise (&lt;anonymous&gt;)
    at callAsyncCircusFn (D:\TITech Projects\society-community-savings-app\community-savings-app-backend\node_modules\jest-circus\build\utils.js:231:10)
    at _callCircusHook (D:\TITech Projects\society-community-savings-app\community-savings-app-backend\node_modules\jest-circus\build\run.js:281:40)
    at _runTest (D:\TITech Projects\society-community-savings-app\community-savings-app-backend\node_modules\jest-circus\build\run.js:246:5)
    at _runTestsForDescribeBlock (D:\TITech Projects\society-community-savings-app\community-savings-app-backend\node_modules\jest-circus\build\run.js:126:9)
    at _runTestsForDescribeBlock (D:\TITech Projects\society-community-savings-app\community-savings-app-backend\node_modules\jest-circus\build\run.js:121:9)
    at _runTestsForDescribeBlock (D:\TITech Projects\society-community-savings-app\community-savings-app-backend\node_modules\jest-circus\build\run.js:121:9)
    at run (D:\TITech Projects\society-community-savings-app\community-savings-app-backend\node_modules\jest-circus\build\run.js:71:3)
    at runAndTransformResultsToJestFormat (D:\TITech Projects\society-community-savings-app\community-savings-app-backend\node_modules\jest-circus\build\legacy-code-todo-rewrite\jestAdapterInit.js:122:21)
    at jestAdapter (D:\TITech Projects\society-community-savings-app\community-savings-app-backend\node_modules\jest-circus\build\legacy-code-todo-rewrite\jestAdapter.js:79:19)
    at runTestInternal (D:\TITech Projects\society-community-savings-app\community-savings-app-backend\node_modules\jest-runner\build\runTest.js:367:16)
    at runTest (D:\TITech Projects\society-community-savings-app\community-savings-app-backend\node_modules\jest-runner\build\runTest.js:444:34)</failure>
    </testcase>
    <testcase classname="Email Service sendWelcomeEmail" name="should not throw error if user not found" time="0">
      <failure>TypeError: Cannot read properties of undefined (reading &apos;mockReturnValue&apos;)
    at Object.&lt;anonymous&gt; (D:\TITech Projects\society-community-savings-app\community-savings-app-backend\tests\unit\services\emailService.test.js:22:34)
    at Promise.then.completed (D:\TITech Projects\society-community-savings-app\community-savings-app-backend\node_modules\jest-circus\build\utils.js:298:28)
    at new Promise (&lt;anonymous&gt;)
    at callAsyncCircusFn (D:\TITech Projects\society-community-savings-app\community-savings-app-backend\node_modules\jest-circus\build\utils.js:231:10)
    at _callCircusHook (D:\TITech Projects\society-community-savings-app\community-savings-app-backend\node_modules\jest-circus\build\run.js:281:40)
    at _runTest (D:\TITech Projects\society-community-savings-app\community-savings-app-backend\node_modules\jest-circus\build\run.js:246:5)
    at _runTestsForDescribeBlock (D:\TITech Projects\society-community-savings-app\community-savings-app-backend\node_modules\jest-circus\build\run.js:126:9)
    at _runTestsForDescribeBlock (D:\TITech Projects\society-community-savings-app\community-savings-app-backend\node_modules\jest-circus\build\run.js:121:9)
    at _runTestsForDescribeBlock (D:\TITech Projects\society-community-savings-app\community-savings-app-backend\node_modules\jest-circus\build\run.js:121:9)
    at run (D:\TITech Projects\society-community-savings-app\community-savings-app-backend\node_modules\jest-circus\build\run.js:71:3)
    at runAndTransformResultsToJestFormat (D:\TITech Projects\society-community-savings-app\community-savings-app-backend\node_modules\jest-circus\build\legacy-code-todo-rewrite\jestAdapterInit.js:122:21)
    at jestAdapter (D:\TITech Projects\society-community-savings-app\community-savings-app-backend\node_modules\jest-circus\build\legacy-code-todo-rewrite\jestAdapter.js:79:19)
    at runTestInternal (D:\TITech Projects\society-community-savings-app\community-savings-app-backend\node_modules\jest-runner\build\runTest.js:367:16)
    at runTest (D:\TITech Projects\society-community-savings-app\community-savings-app-backend\node_modules\jest-runner\build\runTest.js:444:34)</failure>
    </testcase>
    <testcase classname="Email Service sendGroupInvitation" name="should send group invitation email" time="0.002">
      <failure>TypeError: Cannot read properties of undefined (reading &apos;mockReturnValue&apos;)
    at Object.&lt;anonymous&gt; (D:\TITech Projects\society-community-savings-app\community-savings-app-backend\tests\unit\services\emailService.test.js:22:34)
    at Promise.then.completed (D:\TITech Projects\society-community-savings-app\community-savings-app-backend\node_modules\jest-circus\build\utils.js:298:28)
    at new Promise (&lt;anonymous&gt;)
    at callAsyncCircusFn (D:\TITech Projects\society-community-savings-app\community-savings-app-backend\node_modules\jest-circus\build\utils.js:231:10)
    at _callCircusHook (D:\TITech Projects\society-community-savings-app\community-savings-app-backend\node_modules\jest-circus\build\run.js:281:40)
    at _runTest (D:\TITech Projects\society-community-savings-app\community-savings-app-backend\node_modules\jest-circus\build\run.js:246:5)
    at _runTestsForDescribeBlock (D:\TITech Projects\society-community-savings-app\community-savings-app-backend\node_modules\jest-circus\build\run.js:126:9)
    at _runTestsForDescribeBlock (D:\TITech Projects\society-community-savings-app\community-savings-app-backend\node_modules\jest-circus\build\run.js:121:9)
    at _runTestsForDescribeBlock (D:\TITech Projects\society-community-savings-app\community-savings-app-backend\node_modules\jest-circus\build\run.js:121:9)
    at run (D:\TITech Projects\society-community-savings-app\community-savings-app-backend\node_modules\jest-circus\build\run.js:71:3)
    at runAndTransformResultsToJestFormat (D:\TITech Projects\society-community-savings-app\community-savings-app-backend\node_modules\jest-circus\build\legacy-code-todo-rewrite\jestAdapterInit.js:122:21)
    at jestAdapter (D:\TITech Projects\society-community-savings-app\community-savings-app-backend\node_modules\jest-circus\build\legacy-code-todo-rewrite\jestAdapter.js:79:19)
    at runTestInternal (D:\TITech Projects\society-community-savings-app\community-savings-app-backend\node_modules\jest-runner\build\runTest.js:367:16)
    at runTest (D:\TITech Projects\society-community-savings-app\community-savings-app-backend\node_modules\jest-runner\build\runTest.js:444:34)</failure>
    </testcase>
    <testcase classname="Email Service sendPaymentConfirmation" name="should send payment confirmation email" time="0">
      <failure>TypeError: Cannot read properties of undefined (reading &apos;mockReturnValue&apos;)
    at Object.&lt;anonymous&gt; (D:\TITech Projects\society-community-savings-app\community-savings-app-backend\tests\unit\services\emailService.test.js:22:34)
    at Promise.then.completed (D:\TITech Projects\society-community-savings-app\community-savings-app-backend\node_modules\jest-circus\build\utils.js:298:28)
    at new Promise (&lt;anonymous&gt;)
    at callAsyncCircusFn (D:\TITech Projects\society-community-savings-app\community-savings-app-backend\node_modules\jest-circus\build\utils.js:231:10)
    at _callCircusHook (D:\TITech Projects\society-community-savings-app\community-savings-app-backend\node_modules\jest-circus\build\run.js:281:40)
    at _runTest (D:\TITech Projects\society-community-savings-app\community-savings-app-backend\node_modules\jest-circus\build\run.js:246:5)
    at _runTestsForDescribeBlock (D:\TITech Projects\society-community-savings-app\community-savings-app-backend\node_modules\jest-circus\build\run.js:126:9)
    at _runTestsForDescribeBlock (D:\TITech Projects\society-community-savings-app\community-savings-app-backend\node_modules\jest-circus\build\run.js:121:9)
    at _runTestsForDescribeBlock (D:\TITech Projects\society-community-savings-app\community-savings-app-backend\node_modules\jest-circus\build\run.js:121:9)
    at run (D:\TITech Projects\society-community-savings-app\community-savings-app-backend\node_modules\jest-circus\build\run.js:71:3)
    at runAndTransformResultsToJestFormat (D:\TITech Projects\society-community-savings-app\community-savings-app-backend\node_modules\jest-circus\build\legacy-code-todo-rewrite\jestAdapterInit.js:122:21)
    at jestAdapter (D:\TITech Projects\society-community-savings-app\community-savings-app-backend\node_modules\jest-circus\build\legacy-code-todo-rewrite\jestAdapter.js:79:19)
    at runTestInternal (D:\TITech Projects\society-community-savings-app\community-savings-app-backend\node_modules\jest-runner\build\runTest.js:367:16)
    at runTest (D:\TITech Projects\society-community-savings-app\community-savings-app-backend\node_modules\jest-runner\build\runTest.js:444:34)</failure>
    </testcase>
    <testcase classname="Email Service sendLoanNotification" name="should send loan approval notification" time="0">
      <failure>TypeError: Cannot read properties of undefined (reading &apos;mockReturnValue&apos;)
    at Object.&lt;anonymous&gt; (D:\TITech Projects\society-community-savings-app\community-savings-app-backend\tests\unit\services\emailService.test.js:22:34)
    at Promise.then.completed (D:\TITech Projects\society-community-savings-app\community-savings-app-backend\node_modules\jest-circus\build\utils.js:298:28)
    at new Promise (&lt;anonymous&gt;)
    at callAsyncCircusFn (D:\TITech Projects\society-community-savings-app\community-savings-app-backend\node_modules\jest-circus\build\utils.js:231:10)
    at _callCircusHook (D:\TITech Projects\society-community-savings-app\community-savings-app-backend\node_modules\jest-circus\build\run.js:281:40)
    at _runTest (D:\TITech Projects\society-community-savings-app\community-savings-app-backend\node_modules\jest-circus\build\run.js:246:5)
    at _runTestsForDescribeBlock (D:\TITech Projects\society-community-savings-app\community-savings-app-backend\node_modules\jest-circus\build\run.js:126:9)
    at _runTestsForDescribeBlock (D:\TITech Projects\society-community-savings-app\community-savings-app-backend\node_modules\jest-circus\build\run.js:121:9)
    at _runTestsForDescribeBlock (D:\TITech Projects\society-community-savings-app\community-savings-app-backend\node_modules\jest-circus\build\run.js:121:9)
    at run (D:\TITech Projects\society-community-savings-app\community-savings-app-backend\node_modules\jest-circus\build\run.js:71:3)
    at runAndTransformResultsToJestFormat (D:\TITech Projects\society-community-savings-app\community-savings-app-backend\node_modules\jest-circus\build\legacy-code-todo-rewrite\jestAdapterInit.js:122:21)
    at jestAdapter (D:\TITech Projects\society-community-savings-app\community-savings-app-backend\node_modules\jest-circus\build\legacy-code-todo-rewrite\jestAdapter.js:79:19)
    at runTestInternal (D:\TITech Projects\society-community-savings-app\community-savings-app-backend\node_modules\jest-runner\build\runTest.js:367:16)
    at runTest (D:\TITech Projects\society-community-savings-app\community-savings-app-backend\node_modules\jest-runner\build\runTest.js:444:34)</failure>
    </testcase>
  </testsuite>
</testsuites>